22.03.2020 03:15:34 
Error
Файл /home/server_user/server/cpp/obj/OwnLog.php рядок 35
OwnLog::Notice не прийняла жодних аргументів
22.03.2020 03:15:34 
Error
Файл /home/server_user/server/cpp/obj/OwnLog.php рядок 35
OwnLog::Notice не прийняла жодних аргументів
22.03.2020 03:15:44 
Error
Файл /home/server_user/server/cpp/obj/OwnLog.php рядок 35
OwnLog::Notice не прийняла жодних аргументів
22.03.2020 03:15:44 
Error
Файл /home/server_user/server/cpp/obj/OwnLog.php рядок 35
OwnLog::Notice не прийняла жодних аргументів
22.03.2020 03:17:16 
Error
Файл /home/server_user/server/cpp/obj/OwnLog.php рядок 35
OwnLog::Notice не прийняла жодних аргументів

22.03.2020 03:17:17 
Error
Файл /home/server_user/server/cpp/obj/OwnLog.php рядок 35
OwnLog::Notice не прийняла жодних аргументів

22.03.2020 03:20:11 
Error
Файл /home/server_user/server/cpp/obj/OwnLog.php рядок 35
OwnLog::Notice не прийняла жодних аргументів

22.03.2020 03:20:11 
Error
Файл /home/server_user/server/cpp/obj/OwnLog.php рядок 35
OwnLog::Notice не прийняла жодних аргументів

22.03.2020 03:21:55 
Error
OwnLog::Notice не прийняла жодних аргументів

22.03.2020 03:21:55 
Error
OwnLog::Notice не прийняла жодних аргументів

22.03.2020 03:22:20 
Error
OwnLog::Notice не прийняла жодних аргументів

22.03.2020 03:22:20 
Error
OwnLog::Notice не прийняла жодних аргументів

22.03.2020 03:22:47 
Error
OwnLog::Notice не прийняла жодних аргументів

22.03.2020 03:22:47 
Error
OwnLog::Notice не прийняла жодних аргументів

22.03.2020 03:24:48 
Error
OwnLog::Notice не прийняла жодних аргументів

22.03.2020 03:24:48 
Error
OwnLog::Notice не прийняла жодних аргументів

22.03.2020 03:24:52 
Error
OwnLog::Notice не прийняла жодних аргументів

22.03.2020 03:24:52 
Error
OwnLog::Notice не прийняла жодних аргументів

22.03.2020 03:27:08 
Error
OwnLog::Notice не прийняла жодних аргументів

22.03.2020 03:27:08 
Error
OwnLog::Notice не прийняла жодних аргументів

22.03.2020 03:27:31 
Error
OwnLog::Notice не прийняла жодних аргументів

22.03.2020 03:27:31 
Error
OwnLog::Notice не прийняла жодних аргументів

22.03.2020 12:20:24 
Error
OwnLog::Notice не прийняла жодних аргументів

22.03.2020 12:20:25 
Error
OwnLog::Notice не прийняла жодних аргументів

22.03.2020 12:20:37 
Error
OwnLog::Notice не прийняла жодних аргументів

22.03.2020 12:20:37 
Error
OwnLog::Notice не прийняла жодних аргументів

22.03.2020 12:21:40 
Error
OwnLog::Notice не прийняла жодних аргументів

22.03.2020 12:21:40 
Error
OwnLog::Notice не прийняла жодних аргументів

22.03.2020 12:23:25 
Error
OwnLog::Notice не прийняла жодних аргументів

22.03.2020 12:23:25 
Error
OwnLog::Notice не прийняла жодних аргументів

22.03.2020 12:25:20 
Error
OwnLog::Notice не прийняла жодних аргументів

22.03.2020 12:25:21 
Error
OwnLog::Notice не прийняла жодних аргументів

22.03.2020 12:25:35 
Error
OwnLog::Notice не прийняла жодних аргументів

22.03.2020 12:25:35 
Error
OwnLog::Notice не прийняла жодних аргументів

22.03.2020 12:26:04 
Error
OwnLog::Notice не прийняла жодних аргументів

22.03.2020 12:26:05 
Error
OwnLog::Notice не прийняла жодних аргументів

22.03.2020 12:26:13 
Notice
ff

22.03.2020 12:26:13 
Notice
ff

22.03.2020 12:26:24 
Error
OwnLog::Notice не прийняла жодних аргументів

22.03.2020 12:26:24 
Error
OwnLog::Notice не прийняла жодних аргументів

22.03.2020 12:30:03 
Error
OwnLog::Notice не прийняла жодних аргументів

22.03.2020 12:30:03 
Error
OwnLog::Notice не прийняла жодних аргументів

22.03.2020 12:30:19 
Error
OwnLog::Notice не прийняла жодних аргументів

22.03.2020 12:30:19 
Error
OwnLog::Notice не прийняла жодних аргументів

22.03.2020 12:30:48 
Error
OwnLog::Notice не прийняла жодних аргументів

22.03.2020 13:07:00 
Notice
Notice

22.03.2020 13:07:00 
Warning
Warnign

22.03.2020 13:07:00 
Error
Error

22.03.2020 13:07:00 
Notice
Notice

22.03.2020 13:07:00 
Warning
Warnign

22.03.2020 13:07:00 
Error
Error

22.03.2020 13:07:37 
Warning
Warnign

22.03.2020 13:07:37 
Error
Error

22.03.2020 13:07:37 
Warning
Warnign

22.03.2020 13:07:37 
Error
Error

22.03.2020 13:07:42 
Warning
Warnign

22.03.2020 13:07:42 
Error
Error

22.03.2020 13:07:42 
Warning
Warnign

22.03.2020 13:07:42 
Error
Error

22.03.2020 13:07:48 
Error
Error

22.03.2020 13:07:48 
Error
Error

22.03.2020 13:07:51 
Error
Error

22.03.2020 13:07:51 
Error
Error

22.03.2020 13:07:58 
Error
OwnLog::setLogLevel прийняла не вірні значення. Можливі значення: notice, warning, error. Ви ввели errorf

22.03.2020 13:07:58 
Notice
Notice

22.03.2020 13:07:58 
Warning
Warnign

22.03.2020 13:07:58 
Error
Error

22.03.2020 13:07:58 
Error
OwnLog::setLogLevel прийняла не вірні значення. Можливі значення: notice, warning, error. Ви ввели errorf

22.03.2020 13:07:58 
Notice
Notice

22.03.2020 13:07:58 
Warning
Warnign

22.03.2020 13:07:58 
Error
Error

1586281907
1586281908
1586281940
1586281983
1586282272
1586282507
1586282511
1586282514
1586282517
1586282645
1586282647
1586282649
1586282660
1586282663
1586282668
1586282671
1586283077
1586283084
1586283705
1586283711
1586283723
1586283724
1586283726
1586283801
1586283801
1586283802
1586283804
1586283905
1586283907
1586283909
1586283911
1586283913
1586283915
1586283918
1586283964
1586283967
1586283969
1586283971
1586283976
1586283982
1586283982
1586283983
1586284009
1586284012
1586284327
1586284328
